<?xml version="1.0" encoding="UTF-8"?>
<!-- Generated by org.testng.reporters.JUnitReportReporter -->
<testsuite skipped="0" hostname="LAPTOP-20464U94" name="jenkinstestngdemo.TestNGDemo" tests="1" failures="0" timestamp="21 Mar 2019 21:29:42 GMT" time="9.699" errors="0">
  <testcase name="login" time="9.699" classname="jenkinstestngdemo.TestNGDemo"/>
</testsuite> <!-- jenkinstestngdemo.TestNGDemo -->
