<?xml version="1.0" encoding="UTF-8"?>
<!-- Generated by org.testng.reporters.JUnitReportReporter -->
<testsuite hostname="NPRAJ" name="FileUpload.FileuploadAutoIT" tests="1" failures="0" timestamp="30 Jun 2017 03:12:58 GMT" time="28.838" errors="0">
  <testcase name="fileUpload" time="28.838" classname="FileUpload.FileuploadAutoIT"/>
</testsuite> <!-- FileUpload.FileuploadAutoIT -->
