<?xml version="1.0" encoding="UTF-8"?>
<!-- Generated by org.testng.reporters.JUnitReportReporter -->
<testsuite hostname="NPRAJ" name="FileUpload.FileuploadRobotClass" tests="1" failures="0" timestamp="21 Jul 2017 19:26:29 GMT" time="56.667" errors="0">
  <testcase name="fileUpload" time="56.667" classname="FileUpload.FileuploadRobotClass"/>
</testsuite> <!-- FileUpload.FileuploadRobotClass -->
