<?xml version="1.0" encoding="UTF-8"?>
<!-- Generated by org.testng.reporters.JUnitReportReporter -->
<testsuite hostname="NPRAJ" name="HandlingWindow.FileuploadAutoIT" tests="1" failures="0" timestamp="30 Jun 2017 02:08:00 GMT" time="34.152" errors="0">
  <testcase name="fileUpload" time="34.152" classname="HandlingWindow.FileuploadAutoIT"/>
</testsuite> <!-- HandlingWindow.FileuploadAutoIT -->
